[0m19:02:28.559330 [debug] [MainThread]: Sending event: {'category': 'dbt', 'action': 'invocation', 'label': 'start', 'context': [<snowplow_tracker.self_describing_json.SelfDescribingJson object at 0x1089e78c0>, <snowplow_tracker.self_describing_json.SelfDescribingJson object at 0x10999b9b0>, <snowplow_tracker.self_describing_json.SelfDescribingJson object at 0x10999b6b0>]}


============================== 19:02:28.581449 | ade113ae-cba7-462d-aec0-340d72f6ac4b ==============================
[0m19:02:28.581449 [info ] [MainThread]: Running with dbt=1.11.11
[0m19:02:28.581774 [debug] [MainThread]: running dbt with arguments {'write_json': 'True', 'profiles_dir': '/Users/bexeiit/.dbt', 'introspect': 'True', 'empty': 'None', 'partial_parse': 'True', 'fail_fast': 'False', 'printer_width': '80', 'no_print': 'None', 'warn_error_options': 'WarnErrorOptionsV2(error=[], warn=[], silence=[])', 'version_check': 'True', 'warn_error': 'None', 'use_colors': 'True', 'use_experimental_parser': 'False', 'cache_selected_only': 'False', 'invocation_command': 'dbt init', 'log_cache_events': 'False', 'indirect_selection': 'eager', 'debug': 'False', 'log_format': 'default', 'static_parser': 'True', 'log_path': 'logs', 'quiet': 'False', 'target_path': 'None', 'send_anonymous_usage_stats': 'True'}
[0m19:03:18.630245 [debug] [MainThread]: Starter project path: /Users/bexeiit/Desktop/practice/skill_reco/.venv/lib/python3.12/site-packages/dbt/include/starter_project
[0m19:03:18.662911 [info ] [MainThread]: 
Your new dbt project "skill_reco" was created!

For more information on how to configure the profiles.yml file,
please consult the dbt documentation here:

  https://docs.getdbt.com/docs/configure-your-profile

One more thing:

Need help? Don't hesitate to reach out to us via GitHub issues or on Slack:

  https://community.getdbt.com/

Happy modeling!

[0m19:03:18.667301 [info ] [MainThread]: Setting up your profile.
[0m19:04:05.800155 [debug] [MainThread]: Resource report: {"command_name": "init", "command_success": true, "command_wall_clock_time": 97.2831, "process_in_blocks": "0", "process_kernel_time": 0.272409, "process_mem_max_rss": "131989504", "process_out_blocks": "0", "process_user_time": 0.84948}
[0m19:04:05.801190 [debug] [MainThread]: Command `dbt init` succeeded at 19:04:05.801033 after 97.28 seconds
[0m19:04:05.801567 [debug] [MainThread]: Sending event: {'category': 'dbt', 'action': 'invocation', 'label': 'end', 'context': [<snowplow_tracker.self_describing_json.SelfDescribingJson object at 0x109b0ebd0>, <snowplow_tracker.self_describing_json.SelfDescribingJson object at 0x107fd3c50>, <snowplow_tracker.self_describing_json.SelfDescribingJson object at 0x109f22d80>]}
[0m19:04:05.801881 [debug] [MainThread]: Flushing usage events
[0m19:04:06.910534 [debug] [MainThread]: An error was encountered while trying to flush usage events
[0m19:37:45.810862 [debug] [MainThread]: Sending event: {'category': 'dbt', 'action': 'invocation', 'label': 'start', 'context': [<snowplow_tracker.self_describing_json.SelfDescribingJson object at 0x10d7b1700>, <snowplow_tracker.self_describing_json.SelfDescribingJson object at 0x10db4f980>, <snowplow_tracker.self_describing_json.SelfDescribingJson object at 0x10db4f680>]}


============================== 19:37:45.815912 | 68caf6ef-21c1-425d-b279-8e158cfa59ea ==============================
[0m19:37:45.815912 [info ] [MainThread]: Running with dbt=1.11.11
[0m19:37:45.816544 [debug] [MainThread]: running dbt with arguments {'debug': 'False', 'write_json': 'True', 'indirect_selection': 'eager', 'static_parser': 'True', 'quiet': 'False', 'log_cache_events': 'False', 'partial_parse': 'True', 'introspect': 'True', 'use_colors': 'True', 'warn_error_options': 'WarnErrorOptionsV2(error=[], warn=[], silence=[])', 'target_path': 'None', 'profiles_dir': '/Users/bexeiit/.dbt', 'send_anonymous_usage_stats': 'True', 'log_format': 'default', 'printer_width': '80', 'cache_selected_only': 'False', 'empty': 'None', 'use_experimental_parser': 'False', 'log_path': 'logs', 'invocation_command': 'dbt debug', 'fail_fast': 'False', 'version_check': 'True', 'no_print': 'None', 'warn_error': 'None'}
[0m19:37:45.830799 [info ] [MainThread]: dbt version: 1.11.11
[0m19:37:45.831055 [info ] [MainThread]: python version: 3.12.13
[0m19:37:45.831200 [info ] [MainThread]: python path: /Users/bexeiit/Desktop/practice/skill_reco/.venv/bin/python3
[0m19:37:45.831340 [info ] [MainThread]: os info: macOS-26.3.1-arm64-arm-64bit
[0m19:37:45.835572 [info ] [MainThread]: Error importing adapter: No module named 'dbt.adapters.snowflake'
[0m19:37:45.837323 [info ] [MainThread]: Error importing adapter: No module named 'dbt.adapters.snowflake'
[0m19:37:45.838549 [info ] [MainThread]: Error importing adapter: No module named 'dbt.adapters.databricks'
[0m19:37:45.913772 [info ] [MainThread]: Using profiles dir at /Users/bexeiit/.dbt
[0m19:37:45.914093 [info ] [MainThread]: Using profiles.yml file at /Users/bexeiit/.dbt/profiles.yml
[0m19:37:45.914245 [info ] [MainThread]: Using dbt_project.yml file at /Users/bexeiit/Desktop/practice/skill_reco/dbt_project.yml
[0m19:37:45.914440 [info ] [MainThread]: Configuration:
[0m19:37:45.914573 [info ] [MainThread]:   profiles.yml file [[31mERROR invalid[0m]
[0m19:37:45.914918 [info ] [MainThread]:   dbt_project.yml file [[31mERROR not found[0m]
[0m19:37:45.915116 [info ] [MainThread]: Required dependencies:
[0m19:37:45.915964 [debug] [MainThread]: Executing "git --help"
[0m19:37:45.959304 [debug] [MainThread]: STDOUT: "b"usage: git [-v | --version] [-h | --help] [-C <path>] [-c <name>=<value>]\n           [--exec-path[=<path>]] [--html-path] [--man-path] [--info-path]\n           [-p | --paginate | -P | --no-pager] [--no-replace-objects] [--no-lazy-fetch]\n           [--no-optional-locks] [--no-advice] [--bare] [--git-dir=<path>]\n           [--work-tree=<path>] [--namespace=<name>] [--config-env=<name>=<envvar>]\n           <command> [<args>]\n\nThese are common Git commands used in various situations:\n\nstart a working area (see also: git help tutorial)\n   clone      Clone a repository into a new directory\n   init       Create an empty Git repository or reinitialize an existing one\n\nwork on the current change (see also: git help everyday)\n   add        Add file contents to the index\n   mv         Move or rename a file, a directory, or a symlink\n   restore    Restore working tree files\n   rm         Remove files from the working tree and from the index\n\nexamine the history and state (see also: git help revisions)\n   bisect     Use binary search to find the commit that introduced a bug\n   diff       Show changes between commits, commit and working tree, etc\n   grep       Print lines matching a pattern\n   log        Show commit logs\n   show       Show various types of objects\n   status     Show the working tree status\n\ngrow, mark and tweak your common history\n   backfill   Download missing objects in a partial clone\n   branch     List, create, or delete branches\n   commit     Record changes to the repository\n   merge      Join two or more development histories together\n   rebase     Reapply commits on top of another base tip\n   reset      Reset current HEAD to the specified state\n   switch     Switch branches\n   tag        Create, list, delete or verify a tag object signed with GPG\n\ncollaborate (see also: git help workflows)\n   fetch      Download objects and refs from another repository\n   pull       Fetch from and integrate with another repository or a local branch\n   push       Update remote refs along with associated objects\n\n'git help -a' and 'git help -g' list available subcommands and some\nconcept guides. See 'git help <command>' or 'git help <concept>'\nto read about a specific subcommand or concept.\nSee 'git help git' for an overview of the system.\n""
[0m19:37:45.959900 [debug] [MainThread]: STDERR: "b''"
[0m19:37:45.960093 [info ] [MainThread]:  - git [[32mOK found[0m]

[0m19:37:45.960514 [info ] [MainThread]: Connection test skipped since no profile was found
[0m19:37:45.960891 [info ] [MainThread]: [31m2 checks failed:[0m
[0m19:37:45.961059 [info ] [MainThread]: Could not load dbt_project.yml
Profile loading failed for the following reason:
Runtime Error
  Credentials in profile "aws_dbt_snowflake_project", target "dev" invalid: Runtime Error
    Could not find adapter type snowflake!

Runtime Error
  Credentials in profile "crypto_dbt", target "dev" invalid: Runtime Error
    Could not find adapter type snowflake!

Runtime Error
  Credentials in profile "dbt_demo", target "dev" invalid: Runtime Error
    Could not find adapter type databricks!


[0m19:37:45.961238 [info ] [MainThread]: Project loading failed for the following reason:
 project path </Users/bexeiit/Desktop/practice/skill_reco/dbt_project.yml> not found

[0m19:37:45.961790 [debug] [MainThread]: Resource report: {"command_name": "debug", "command_success": false, "command_wall_clock_time": 0.20034084, "process_in_blocks": "0", "process_kernel_time": 0.237528, "process_mem_max_rss": "128221184", "process_out_blocks": "0", "process_user_time": 0.882501}
[0m19:37:45.962239 [debug] [MainThread]: Command `dbt debug` failed at 19:37:45.962067 after 0.20 seconds
[0m19:37:45.963622 [debug] [MainThread]: Sending event: {'category': 'dbt', 'action': 'invocation', 'label': 'end', 'context': [<snowplow_tracker.self_describing_json.SelfDescribingJson object at 0x10d7b1700>, <snowplow_tracker.self_describing_json.SelfDescribingJson object at 0x10db207a0>, <snowplow_tracker.self_describing_json.SelfDescribingJson object at 0x10d5d9df0>]}
[0m19:37:45.964072 [debug] [MainThread]: Flushing usage events
[0m19:37:46.891270 [debug] [MainThread]: An error was encountered while trying to flush usage events
